------------------------------------------------------------------------------------------------------------------------

[2021-12-17 12:10:29 #1 store] 
Database 'C:\eclipse-workspace\21-22\Sesion3ObjectDB\db\empleados.odb' is opened by 5976@B02-PC16

[2021-12-17 12:10:29 #2 store] 
Configuration path: ?

[2021-12-17 12:10:29 #3 type] 
Type ejemplo1.DepartamentoEntity is not enhanced.

[2021-12-17 12:10:29 #4 type] 
Type ejemplo1.EmpleadoEntity is not enhanced.

[2021-12-17 12:10:29 #5 store] 
Database 'C:\eclipse-workspace\21-22\Sesion3ObjectDB\db\empleados.odb' is closed by 5976@B02-PC16

------------------------------------------------------------------------------------------------------------------------

[2021-12-17 12:10:49 #1 store] 
Database 'C:\eclipse-workspace\21-22\Sesion3ObjectDB\db\empleados.odb' is opened by 3796@B02-PC16

[2021-12-17 12:10:49 #2 store] 
Configuration path: ?

[2021-12-17 12:10:49 #3 type] 
Type ejemplo1.DepartamentoEntity is not enhanced.

[2021-12-17 12:10:49 #4 type] 
Type ejemplo1.EmpleadoEntity is not enhanced.

[2021-12-17 12:10:49 #5 store] 
Database 'C:\eclipse-workspace\21-22\Sesion3ObjectDB\db\empleados.odb' is closed by 3796@B02-PC16

------------------------------------------------------------------------------------------------------------------------

[2021-12-17 12:15:31 #1 store] 
Database 'C:\eclipse-workspace\21-22\Sesion3ObjectDB\db\empleados.odb' is opened by 9196@B02-PC16

[2021-12-17 12:15:31 #2 store] 
Configuration path: ?

[2021-12-17 12:15:31 #3 type] 
Type ejemplo1.DepartamentoEntity is not enhanced.

[2021-12-17 12:15:31 #4 type] 
Type ejemplo1.EmpleadoEntity is not enhanced.

[2021-12-17 12:15:31 #5 store] 
Database 'C:\eclipse-workspace\21-22\Sesion3ObjectDB\db\empleados.odb' is closed by 9196@B02-PC16

------------------------------------------------------------------------------------------------------------------------

[2021-12-17 12:20:17 #1 store] 
Database 'C:\eclipse-workspace\21-22\Sesion3ObjectDB\db\empleados.odb' is opened by 6624@B02-PC16

[2021-12-17 12:20:17 #2 store] 
Configuration path: ?

[2021-12-17 12:20:17 #3 type] 
Type ejemplo1.DepartamentoEntity is not enhanced.

[2021-12-17 12:20:17 #4 type] 
Type ejemplo1.EmpleadoEntity is not enhanced.

[2021-12-17 12:20:17 #5 store] 
Database 'C:\eclipse-workspace\21-22\Sesion3ObjectDB\db\empleados.odb' is closed by 6624@B02-PC16

------------------------------------------------------------------------------------------------------------------------

[2021-12-17 12:20:41 #1 store] 
Database 'C:\eclipse-workspace\21-22\Sesion3ObjectDB\db\empleados.odb' is opened by 10008@B02-PC16

[2021-12-17 12:20:41 #2 store] 
Configuration path: ?

[2021-12-17 12:20:41 #3 type] 
Type ejemplo1.DepartamentoEntity is not enhanced.

[2021-12-17 12:20:41 #4 type] 
Type ejemplo1.EmpleadoEntity is not enhanced.

[2021-12-17 12:20:41 #5 store] 
Database 'C:\eclipse-workspace\21-22\Sesion3ObjectDB\db\empleados.odb' is closed by 10008@B02-PC16

------------------------------------------------------------------------------------------------------------------------

[2021-12-17 12:21:01 #1 store] 
Database 'C:\eclipse-workspace\21-22\Sesion3ObjectDB\db\empleados.odb' is opened by 11560@B02-PC16

[2021-12-17 12:21:01 #2 store] 
Configuration path: ?

[2021-12-17 12:21:01 #3 type] 
Type ejemplo1.DepartamentoEntity is not enhanced.

[2021-12-17 12:21:01 #4 type] 
Type ejemplo1.EmpleadoEntity is not enhanced.

[2021-12-17 12:21:01 #5 store] 
Database 'C:\eclipse-workspace\21-22\Sesion3ObjectDB\db\empleados.odb' is closed by 11560@B02-PC16

------------------------------------------------------------------------------------------------------------------------

[2021-12-17 12:21:03 #1 store] 
Database 'C:\eclipse-workspace\21-22\Sesion3ObjectDB\db\empleados.odb' is opened by 7492@B02-PC16

[2021-12-17 12:21:03 #2 store] 
Configuration path: ?

[2021-12-17 12:21:03 #3 type] 
Type ejemplo1.DepartamentoEntity is not enhanced.

[2021-12-17 12:21:03 #4 type] 
Type ejemplo1.EmpleadoEntity is not enhanced.

[2021-12-17 12:21:03 #5 store] 
Database 'C:\eclipse-workspace\21-22\Sesion3ObjectDB\db\empleados.odb' is closed by 7492@B02-PC16

------------------------------------------------------------------------------------------------------------------------

[2021-12-17 12:24:34 #1 store] 
Database 'C:\eclipse-workspace\21-22\Sesion3ObjectDB\db\empleados.odb' is opened by 1692@B02-PC16

[2021-12-17 12:24:34 #2 store] 
Configuration path: ?

[2021-12-17 12:24:34 #3 type] 
Type ejemplo1.DepartamentoEntity is not enhanced.

[2021-12-17 12:24:34 #4 type] 
Type ejemplo1.EmpleadoEntity is not enhanced.

------------------------------------------------------------------------------------------------------------------------

[2021-12-17 12:24:55 #1 store] 
Database 'C:\eclipse-workspace\21-22\Sesion3ObjectDB\db\empleados.odb' is opened by 8344@B02-PC16

[2021-12-17 12:24:55 #2 store] 
Configuration path: ?

[2021-12-17 12:24:55 #3 type] 
Type ejemplo1.DepartamentoEntity is not enhanced.

[2021-12-17 12:24:55 #4 type] 
Type ejemplo1.EmpleadoEntity is not enhanced.

[2021-12-17 12:24:55 #5 store] 
Database 'C:\eclipse-workspace\21-22\Sesion3ObjectDB\db\empleados.odb' is closed by 8344@B02-PC16

------------------------------------------------------------------------------------------------------------------------

[2021-12-17 12:27:07 #1 store] 
Database 'C:\eclipse-workspace\21-22\Sesion3ObjectDB\db\empleados.odb' is opened by 2560@B02-PC16

[2021-12-17 12:27:07 #2 store] 
Configuration path: ?

[2021-12-17 12:27:07 #3 type] 
Type ejemplo1.DepartamentoEntity is not enhanced.

[2021-12-17 12:27:07 #4 type] 
Type ejemplo1.EmpleadoEntity is not enhanced.

------------------------------------------------------------------------------------------------------------------------

[2021-12-17 12:27:57 #1 store] 
Database 'C:\eclipse-workspace\21-22\Sesion3ObjectDB\db\empleados.odb' is opened by 6392@B02-PC16

[2021-12-17 12:27:57 #2 store] 
Configuration path: ?

[2021-12-17 12:27:57 #3 type] 
Type ejemplo1.DepartamentoEntity is not enhanced.

[2021-12-17 12:27:57 #4 type] 
Type ejemplo1.EmpleadoEntity is not enhanced.

[2021-12-17 12:27:57 #5 store] 
Database 'C:\eclipse-workspace\21-22\Sesion3ObjectDB\db\empleados.odb' is closed by 6392@B02-PC16

------------------------------------------------------------------------------------------------------------------------

[2021-12-17 12:28:05 #1 store] 
Database 'C:\eclipse-workspace\21-22\Sesion3ObjectDB\db\empleados.odb' is opened by 11456@B02-PC16

[2021-12-17 12:28:05 #2 store] 
Configuration path: ?

[2021-12-17 12:28:05 #3 type] 
Type ejemplo1.DepartamentoEntity is not enhanced.

[2021-12-17 12:28:05 #4 type] 
Type ejemplo1.EmpleadoEntity is not enhanced.

[2021-12-17 12:28:05 #5 store] 
Database 'C:\eclipse-workspace\21-22\Sesion3ObjectDB\db\empleados.odb' is closed by 11456@B02-PC16

------------------------------------------------------------------------------------------------------------------------

[2021-12-17 12:28:25 #1 store] 
Database 'C:\eclipse-workspace\21-22\Sesion3ObjectDB\db\empleados.odb' is opened by 5272@B02-PC16

[2021-12-17 12:28:25 #2 store] 
Configuration path: ?

[2021-12-17 12:28:25 #3 type] 
Type ejemplo1.DepartamentoEntity is not enhanced.

[2021-12-17 12:28:25 #4 type] 
Type ejemplo1.EmpleadoEntity is not enhanced.

[2021-12-17 12:28:25 #5 store] 
Database 'C:\eclipse-workspace\21-22\Sesion3ObjectDB\db\empleados.odb' is closed by 5272@B02-PC16

------------------------------------------------------------------------------------------------------------------------

[2021-12-17 12:31:44 #1 store] 
Database 'C:\eclipse-workspace\21-22\Sesion3ObjectDB\db\empleados.odb' is opened by 12064@B02-PC16

[2021-12-17 12:31:44 #2 store] 
Configuration path: ?

[2021-12-17 12:31:44 #3 type] 
Type ejemplo1.DepartamentoEntity is not enhanced.

[2021-12-17 12:31:44 #4 type] 
Type ejemplo1.EmpleadoEntity is not enhanced.

[2021-12-17 12:31:44 #5 store] 
Database 'C:\eclipse-workspace\21-22\Sesion3ObjectDB\db\empleados.odb' is closed by 12064@B02-PC16

------------------------------------------------------------------------------------------------------------------------

[2021-12-17 12:32:31 #1 store] 
Database 'C:\eclipse-workspace\21-22\Sesion3ObjectDB\db\empleados.odb' is opened by 7704@B02-PC16

[2021-12-17 12:32:31 #2 store] 
Configuration path: ?

[2021-12-17 12:32:32 #3 type] 
Type ejemplo1.DepartamentoEntity is not enhanced.

[2021-12-17 12:32:32 #4 type] 
Type ejemplo1.EmpleadoEntity is not enhanced.

[2021-12-17 12:32:32 #5 store] 
Database 'C:\eclipse-workspace\21-22\Sesion3ObjectDB\db\empleados.odb' is closed by 7704@B02-PC16

------------------------------------------------------------------------------------------------------------------------

[2021-12-17 12:36:30 #1 store] 
Database 'C:\eclipse-workspace\21-22\Sesion3ObjectDB\db\empleados.odb' is opened by 1240@B02-PC16

[2021-12-17 12:36:30 #2 store] 
Configuration path: ?

[2021-12-17 12:36:30 #3 type] 
Type ejemplo1.DepartamentoEntity is not enhanced.

[2021-12-17 12:36:30 #4 type] 
Type ejemplo1.EmpleadoEntity is not enhanced.

[2021-12-17 12:36:30 #5 store] 
Database 'C:\eclipse-workspace\21-22\Sesion3ObjectDB\db\empleados.odb' is closed by 1240@B02-PC16

------------------------------------------------------------------------------------------------------------------------

[2021-12-17 12:44:20 #1 store] 
Database 'C:\eclipse-workspace\21-22\Sesion3ObjectDB\db\empleados.odb' is opened by 11092@B02-PC16

[2021-12-17 12:44:20 #2 store] 
Configuration path: ?

[2021-12-17 12:44:20 #3 type] 
Type ejemplo1.DepartamentoEntity is not enhanced.

[2021-12-17 12:44:20 #4 type] 
Type ejemplo1.EmpleadoEntity is not enhanced.

[2021-12-17 12:44:20 #5 store] 
Database 'C:\eclipse-workspace\21-22\Sesion3ObjectDB\db\empleados.odb' is closed by 11092@B02-PC16

------------------------------------------------------------------------------------------------------------------------

[2021-12-17 12:45:19 #1 store] 
Database 'C:\eclipse-workspace\21-22\Sesion3ObjectDB\db\empleados.odb' is opened by 4720@B02-PC16

[2021-12-17 12:45:19 #2 store] 
Configuration path: ?

[2021-12-17 12:45:19 #3 type] 
Type ejemplo1.DepartamentoEntity is not enhanced.

[2021-12-17 12:45:19 #4 type] 
Type ejemplo1.EmpleadoEntity is not enhanced.

------------------------------------------------------------------------------------------------------------------------

[2021-12-17 12:45:38 #1 store] 
Database 'C:\eclipse-workspace\21-22\Sesion3ObjectDB\db\empleados.odb' is opened by 8724@B02-PC16

[2021-12-17 12:45:38 #2 store] 
Configuration path: ?

[2021-12-17 12:45:38 #3 type] 
Type ejemplo1.DepartamentoEntity is not enhanced.

[2021-12-17 12:45:38 #4 type] 
Type ejemplo1.EmpleadoEntity is not enhanced.

------------------------------------------------------------------------------------------------------------------------

[2021-12-17 12:45:58 #1 store] 
Database 'C:\eclipse-workspace\21-22\Sesion3ObjectDB\db\empleados.odb' is opened by 8240@B02-PC16

[2021-12-17 12:45:58 #2 store] 
Configuration path: ?

[2021-12-17 12:45:58 #3 type] 
Type ejemplo1.DepartamentoEntity is not enhanced.

[2021-12-17 12:45:58 #4 type] 
Type ejemplo1.EmpleadoEntity is not enhanced.

[2021-12-17 12:45:58 #5 store] 
Database 'C:\eclipse-workspace\21-22\Sesion3ObjectDB\db\empleados.odb' is closed by 8240@B02-PC16

------------------------------------------------------------------------------------------------------------------------

[2021-12-17 12:47:10 #1 store] 
Database 'C:\eclipse-workspace\21-22\Sesion3ObjectDB\db\empleados.odb' is opened by 8100@B02-PC16

[2021-12-17 12:47:10 #2 store] 
Configuration path: ?

[2021-12-17 12:47:10 #3 type] 
Type ejemplo1.DepartamentoEntity is not enhanced.

[2021-12-17 12:47:10 #4 type] 
Type ejemplo1.EmpleadoEntity is not enhanced.

[2021-12-17 12:47:10 #5 store] 
Database 'C:\eclipse-workspace\21-22\Sesion3ObjectDB\db\empleados.odb' is closed by 8100@B02-PC16

------------------------------------------------------------------------------------------------------------------------

[2021-12-17 12:47:33 #1 store] 
Database 'C:\eclipse-workspace\21-22\Sesion3ObjectDB\db\empleados.odb' is opened by 1576@B02-PC16

[2021-12-17 12:47:33 #2 store] 
Configuration path: ?

[2021-12-17 12:47:33 #3 type] 
Type ejemplo1.DepartamentoEntity is not enhanced.

[2021-12-17 12:47:33 #4 type] 
Type ejemplo1.EmpleadoEntity is not enhanced.

[2021-12-17 12:47:33 #5 store] 
Database 'C:\eclipse-workspace\21-22\Sesion3ObjectDB\db\empleados.odb' is closed by 1576@B02-PC16

------------------------------------------------------------------------------------------------------------------------

[2021-12-17 12:52:08 #1 store] 
Database 'C:\eclipse-workspace\21-22\Sesion3ObjectDB\db\empleados.odb' is opened by 1828@B02-PC16

[2021-12-17 12:52:08 #2 store] 
Configuration path: ?

[2021-12-17 12:52:08 #3 type] 
Type ejemplo1.DepartamentoEntity is not enhanced.

[2021-12-17 12:52:08 #4 type] 
Type ejemplo1.EmpleadoEntity is not enhanced.

[2021-12-17 12:52:08 #5 store] 
Database 'C:\eclipse-workspace\21-22\Sesion3ObjectDB\db\empleados.odb' is closed by 1828@B02-PC16

------------------------------------------------------------------------------------------------------------------------

[2021-12-17 12:52:29 #1 store] 
Database 'C:\eclipse-workspace\21-22\Sesion3ObjectDB\db\empleados.odb' is opened by 8988@B02-PC16

[2021-12-17 12:52:29 #2 store] 
Configuration path: ?

[2021-12-17 12:52:29 #3 type] 
Type ejemplo1.DepartamentoEntity is not enhanced.

[2021-12-17 12:52:29 #4 type] 
Type ejemplo1.EmpleadoEntity is not enhanced.

[2021-12-17 12:52:29 #5 store] 
Database 'C:\eclipse-workspace\21-22\Sesion3ObjectDB\db\empleados.odb' is closed by 8988@B02-PC16

------------------------------------------------------------------------------------------------------------------------

[2021-12-17 12:52:36 #1 store] 
Database 'C:\eclipse-workspace\21-22\Sesion3ObjectDB\db\empleados.odb' is opened by 1956@B02-PC16

[2021-12-17 12:52:36 #2 store] 
Configuration path: ?

[2021-12-17 12:52:36 #3 type] 
Type ejemplo1.DepartamentoEntity is not enhanced.

[2021-12-17 12:52:36 #4 type] 
Type ejemplo1.EmpleadoEntity is not enhanced.

[2021-12-17 12:52:36 #5 store] 
Database 'C:\eclipse-workspace\21-22\Sesion3ObjectDB\db\empleados.odb' is closed by 1956@B02-PC16

------------------------------------------------------------------------------------------------------------------------

[2021-12-17 12:52:41 #1 store] 
Database 'C:\eclipse-workspace\21-22\Sesion3ObjectDB\db\empleados.odb' is opened by 9064@B02-PC16

[2021-12-17 12:52:41 #2 store] 
Configuration path: ?

[2021-12-17 12:52:41 #3 type] 
Type ejemplo1.DepartamentoEntity is not enhanced.

[2021-12-17 12:52:41 #4 type] 
Type ejemplo1.EmpleadoEntity is not enhanced.

[2021-12-17 12:52:41 #5 store] 
Database 'C:\eclipse-workspace\21-22\Sesion3ObjectDB\db\empleados.odb' is closed by 9064@B02-PC16

------------------------------------------------------------------------------------------------------------------------

[2021-12-17 12:53:21 #1 store] 
Database 'C:\eclipse-workspace\21-22\Sesion3ObjectDB\db\empleados.odb' is opened by 10932@B02-PC16

[2021-12-17 12:53:21 #2 store] 
Configuration path: ?

[2021-12-17 12:53:21 #3 type] 
Type ejemplo1.DepartamentoEntity is not enhanced.

[2021-12-17 12:53:21 #4 type] 
Type ejemplo1.EmpleadoEntity is not enhanced.

------------------------------------------------------------------------------------------------------------------------

[2021-12-17 12:55:49 #1 store] 
Database 'C:\eclipse-workspace\21-22\Sesion3ObjectDB\db\empleados.odb' is opened by 5416@B02-PC16

[2021-12-17 12:55:49 #2 store] 
Configuration path: ?

[2021-12-17 12:55:49 #3 type] 
Type ejemplo1.DepartamentoEntity is not enhanced.

[2021-12-17 12:55:49 #4 type] 
Type ejemplo1.EmpleadoEntity is not enhanced.

[2021-12-17 12:55:49 #5 store] 
Database 'C:\eclipse-workspace\21-22\Sesion3ObjectDB\db\empleados.odb' is closed by 5416@B02-PC16

------------------------------------------------------------------------------------------------------------------------

[2021-12-17 12:56:44 #1 store] 
Database 'C:\eclipse-workspace\21-22\Sesion3ObjectDB\db\empleados.odb' is opened by 8868@B02-PC16

[2021-12-17 12:56:44 #2 store] 
Configuration path: ?

[2021-12-17 12:56:44 #3 type] 
Type ejemplo1.DepartamentoEntity is not enhanced.

[2021-12-17 12:56:44 #4 type] 
Type ejemplo1.EmpleadoEntity is not enhanced.

------------------------------------------------------------------------------------------------------------------------

[2021-12-17 13:03:02 #1 store] 
Database 'C:\eclipse-workspace\21-22\Sesion3ObjectDB\db\empleados.odb' is opened by 10116@B02-PC16

[2021-12-17 13:03:02 #2 store] 
Configuration path: ?

[2021-12-17 13:03:02 #3 type] 
Type ejemplo1.DepartamentoEntity is not enhanced.

[2021-12-17 13:03:02 #4 type] 
Type ejemplo1.EmpleadoEntity is not enhanced.

[2021-12-17 13:03:02 #5 store] 
Database 'C:\eclipse-workspace\21-22\Sesion3ObjectDB\db\empleados.odb' is closed by 10116@B02-PC16

------------------------------------------------------------------------------------------------------------------------

[2021-12-17 13:03:20 #1 store] 
Database 'C:\eclipse-workspace\21-22\Sesion3ObjectDB\db\empleados.odb' is opened by 7284@B02-PC16

[2021-12-17 13:03:20 #2 store] 
Configuration path: ?

[2021-12-17 13:03:20 #3 type] 
Type ejemplo1.DepartamentoEntity is not enhanced.

[2021-12-17 13:03:20 #4 type] 
Type ejemplo1.EmpleadoEntity is not enhanced.

[2021-12-17 13:03:20 #5 store] 
Database 'C:\eclipse-workspace\21-22\Sesion3ObjectDB\db\empleados.odb' is closed by 7284@B02-PC16

------------------------------------------------------------------------------------------------------------------------

[2021-12-17 13:03:28 #1 store] 
Database 'C:\eclipse-workspace\21-22\Sesion3ObjectDB\db\empleados.odb' is opened by 1048@B02-PC16

[2021-12-17 13:03:28 #2 store] 
Configuration path: ?

[2021-12-17 13:03:28 #3 type] 
Type ejemplo1.DepartamentoEntity is not enhanced.

[2021-12-17 13:03:28 #4 type] 
Type ejemplo1.EmpleadoEntity is not enhanced.

[2021-12-17 13:03:28 #5 store] 
Database 'C:\eclipse-workspace\21-22\Sesion3ObjectDB\db\empleados.odb' is closed by 1048@B02-PC16

------------------------------------------------------------------------------------------------------------------------

[2021-12-17 13:05:39 #1 store] 
Database 'C:\eclipse-workspace\21-22\Sesion3ObjectDB\db\empleados.odb' is opened by 8100@B02-PC16

[2021-12-17 13:05:39 #2 store] 
Configuration path: ?

[2021-12-17 13:05:39 #3 type] 
Type ejemplo1.DepartamentoEntity is not enhanced.

[2021-12-17 13:05:39 #4 type] 
Type ejemplo1.EmpleadoEntity is not enhanced.

[2021-12-17 13:05:39 #5 store] 
Database 'C:\eclipse-workspace\21-22\Sesion3ObjectDB\db\empleados.odb' is closed by 8100@B02-PC16

------------------------------------------------------------------------------------------------------------------------

[2021-12-17 13:05:51 #1 store] 
Database 'C:\eclipse-workspace\21-22\Sesion3ObjectDB\db\empleados.odb' is opened by 7476@B02-PC16

[2021-12-17 13:05:51 #2 store] 
Configuration path: ?

[2021-12-17 13:05:51 #3 type] 
Type ejemplo1.DepartamentoEntity is not enhanced.

[2021-12-17 13:05:51 #4 type] 
Type ejemplo1.EmpleadoEntity is not enhanced.

[2021-12-17 13:05:51 #5 store] 
Database 'C:\eclipse-workspace\21-22\Sesion3ObjectDB\db\empleados.odb' is closed by 7476@B02-PC16

------------------------------------------------------------------------------------------------------------------------

[2021-12-17 13:06:32 #1 store] 
Database 'C:\eclipse-workspace\21-22\Sesion3ObjectDB\db\empleados.odb' is opened by 1532@B02-PC16

[2021-12-17 13:06:32 #2 store] 
Configuration path: ?

[2021-12-17 13:06:32 #3 type] 
Type ejemplo1.DepartamentoEntity is not enhanced.

[2021-12-17 13:06:32 #4 type] 
Type ejemplo1.EmpleadoEntity is not enhanced.

[2021-12-17 13:06:32 #5 store] 
Database 'C:\eclipse-workspace\21-22\Sesion3ObjectDB\db\empleados.odb' is closed by 1532@B02-PC16

------------------------------------------------------------------------------------------------------------------------

[2021-12-17 13:23:41 #1 store] 
Database 'C:\eclipse-workspace\21-22\Sesion3ObjectDB\db\empleados.odb' is opened by 7344@B02-PC16

[2021-12-17 13:23:41 #2 store] 
Configuration path: ?

[2021-12-17 13:23:41 #3 type] 
Type ejemplo1.DepartamentoEntity is not enhanced.

[2021-12-17 13:23:41 #4 type] 
Type ejemplo1.EmpleadoEntity is not enhanced.

------------------------------------------------------------------------------------------------------------------------

[2021-12-17 13:24:28 #1 store] 
Database 'C:\eclipse-workspace\21-22\Sesion3ObjectDB\db\empleados.odb' is opened by 8000@B02-PC16

[2021-12-17 13:24:28 #2 store] 
Configuration path: ?

[2021-12-17 13:24:28 #3 type] 
Type ejemplo1.DepartamentoEntity is not enhanced.

[2021-12-17 13:24:28 #4 type] 
Type ejemplo1.EmpleadoEntity is not enhanced.

------------------------------------------------------------------------------------------------------------------------

[2021-12-17 13:25:35 #1 store] 
Database 'C:\eclipse-workspace\21-22\Sesion3ObjectDB\db\empleados.odb' is opened by 12100@B02-PC16

[2021-12-17 13:25:35 #2 store] 
Configuration path: ?

[2021-12-17 13:25:35 #3 type] 
Type ejemplo1.DepartamentoEntity is not enhanced.

[2021-12-17 13:25:35 #4 type] 
Type ejemplo1.EmpleadoEntity is not enhanced.

[2021-12-17 13:25:35 #5 store] 
Database 'C:\eclipse-workspace\21-22\Sesion3ObjectDB\db\empleados.odb' is closed by 12100@B02-PC16

------------------------------------------------------------------------------------------------------------------------

[2021-12-17 13:26:12 #1 store] 
Database 'C:\eclipse-workspace\21-22\Sesion3ObjectDB\db\empleados.odb' is opened by 9084@B02-PC16

[2021-12-17 13:26:12 #2 store] 
Configuration path: ?

[2021-12-17 13:26:12 #3 type] 
Type ejemplo1.DepartamentoEntity is not enhanced.

[2021-12-17 13:26:12 #4 type] 
Type ejemplo1.EmpleadoEntity is not enhanced.

[2021-12-17 13:26:12 #5 store] 
Database 'C:\eclipse-workspace\21-22\Sesion3ObjectDB\db\empleados.odb' is closed by 9084@B02-PC16

